objc[6402]: Class AXEmojiUtilities is implemented in both /Applications/Xcode.app/Contents/Developer/Platforms/iPhoneSimulator.platform/Developer/SDKs/iPhoneSimulator7.1.sdk/System/Library/PrivateFrameworks/AccessibilityUtilities.framework/AccessibilityUtilities and /Applications/Xcode.app/Contents/Developer/Platforms/iPhoneSimulator.platform/Developer/SDKs/iPhoneSimulator7.1.sdk/usr/lib/libAXSpeechManager.dylib. One of the two will be used. Which one is undefined.
2014-04-24 13:07:26.659 Assassins[6402:70b] Cannot find executable for CFBundle 0xa576230 </Applications/Xcode.app/Contents/Developer/Platforms/iPhoneSimulator.platform/Developer/SDKs/iPhoneSimulator7.1.sdk/System/Library/AccessibilityBundles/CertUIFramework.axbundle> (not loaded)
2014-04-24 13:07:26.667 Assassins[6402:70b] Cannot find executable for CFBundle 0xa9ce6f0 </Applications/Xcode.app/Contents/Developer/Platforms/iPhoneSimulator.platform/Developer/SDKs/iPhoneSimulator7.1.sdk/System/Library/AccessibilityBundles/GeoServices.axbundle> (not loaded)
2014-04-24 13:07:26.710 Assassins[6402:70b] Multi-tasking -> Device: YES, App: YES
2014-04-24 13:07:26.737 Assassins[6402:70b] Fix applied for database locations?: YES
2014-04-24 13:07:27.078 Assassins[6402:70b] Resetting plugins due to page load.
2014-04-24 13:07:27.777 Assassins[6402:70b] Finished load of: file:///Users/zixiao/Library/Application%20Support/iPhone%20Simulator/7.1/Applications/BE15BC74-3FD9-4B99-AC1B-2B40F467479E/Assassins.app/www/index.html
2014-04-24 13:07:31.154 Assassins[6402:70b] Resetting plugins due to page load.
2014-04-24 13:07:31.203 Assassins[6402:70b] Finished load of: file:///Users/zixiao/Library/Application%20Support/iPhone%20Simulator/7.1/Applications/BE15BC74-3FD9-4B99-AC1B-2B40F467479E/Assassins.app/www/login.html
2014-04-24 13:08:01.315 Assassins[6402:70b] Resetting plugins due to page load.
2014-04-24 13:08:01.341 Assassins[6402:70b] Finished load of: file:///Users/zixiao/Library/Application%20Support/iPhone%20Simulator/7.1/Applications/BE15BC74-3FD9-4B99-AC1B-2B40F467479E/Assassins.app/www/selectGameScreen.html
objc[6895]: Class AXEmojiUtilities is implemented in both /Applications/Xcode.app/Contents/Developer/Platforms/iPhoneSimulator.platform/Developer/SDKs/iPhoneSimulator7.1.sdk/System/Library/PrivateFrameworks/AccessibilityUtilities.framework/AccessibilityUtilities and /Applications/Xcode.app/Contents/Developer/Platforms/iPhoneSimulator.platform/Developer/SDKs/iPhoneSimulator7.1.sdk/usr/lib/libAXSpeechManager.dylib. One of the two will be used. Which one is undefined.
2014-04-24 13:08:40.192 Assassins[6895:70b] Cannot find executable for CFBundle 0xbf1e640 </Applications/Xcode.app/Contents/Developer/Platforms/iPhoneSimulator.platform/Developer/SDKs/iPhoneSimulator7.1.sdk/System/Library/AccessibilityBundles/GeoServices.axbundle> (not loaded)
2014-04-24 13:08:40.199 Assassins[6895:70b] Cannot find executable for CFBundle 0xbf61350 </Applications/Xcode.app/Contents/Developer/Platforms/iPhoneSimulator.platform/Developer/SDKs/iPhoneSimulator7.1.sdk/System/Library/AccessibilityBundles/CertUIFramework.axbundle> (not loaded)
2014-04-24 13:08:40.242 Assassins[6895:70b] Multi-tasking -> Device: YES, App: YES
2014-04-24 13:08:40.348 Assassins[6895:70b] Resetting plugins due to page load.
2014-04-24 13:08:41.049 Assassins[6895:70b] Finished load of: file:///Users/zixiao/Library/Application%20Support/iPhone%20Simulator/7.1/Applications/BE15BC74-3FD9-4B99-AC1B-2B40F467479E/Assassins.app/www/index.html
2014-04-24 13:08:43.945 Assassins[6895:70b] Resetting plugins due to page load.
2014-04-24 13:08:43.984 Assassins[6895:70b] Failed to load webpage with error: The operation couldn’t be completed. (NSURLErrorDomain error -999.)
2014-04-24 13:08:43.985 Assassins[6895:70b] Resetting plugins due to page load.
2014-04-24 13:08:44.019 Assassins[6895:70b] Finished load of: file:///Users/zixiao/Library/Application%20Support/iPhone%20Simulator/7.1/Applications/BE15BC74-3FD9-4B99-AC1B-2B40F467479E/Assassins.app/www/selectgamescreen.html
2014-04-24 13:09:15.075 Assassins[6895:70b] Resetting plugins due to page load.
2014-04-24 13:09:15.094 Assassins[6895:70b] Finished load of: file:///Users/zixiao/Library/Application%20Support/iPhone%20Simulator/7.1/Applications/BE15BC74-3FD9-4B99-AC1B-2B40F467479E/Assassins.app/www/login.html
objc[7388]: Class AXEmojiUtilities is implemented in both /Applications/Xcode.app/Contents/Developer/Platforms/iPhoneSimulator.platform/Developer/SDKs/iPhoneSimulator7.1.sdk/System/Library/PrivateFrameworks/AccessibilityUtilities.framework/AccessibilityUtilities and /Applications/Xcode.app/Contents/Developer/Platforms/iPhoneSimulator.platform/Developer/SDKs/iPhoneSimulator7.1.sdk/usr/lib/libAXSpeechManager.dylib. One of the two will be used. Which one is undefined.
2014-04-24 13:10:40.893 Assassins[7388:70b] Cannot find executable for CFBundle 0xa279ba0 </Applications/Xcode.app/Contents/Developer/Platforms/iPhoneSimulator.platform/Developer/SDKs/iPhoneSimulator7.1.sdk/System/Library/AccessibilityBundles/CertUIFramework.axbundle> (not loaded)
2014-04-24 13:10:40.898 Assassins[7388:70b] Cannot find executable for CFBundle 0xa396010 </Applications/Xcode.app/Contents/Developer/Platforms/iPhoneSimulator.platform/Developer/SDKs/iPhoneSimulator7.1.sdk/System/Library/AccessibilityBundles/GeoServices.axbundle> (not loaded)
2014-04-24 13:10:40.918 Assassins[7388:70b] Multi-tasking -> Device: YES, App: YES
2014-04-24 13:10:40.975 Assassins[7388:70b] Resetting plugins due to page load.
2014-04-24 13:10:41.689 Assassins[7388:70b] Finished load of: file:///Users/zixiao/Library/Application%20Support/iPhone%20Simulator/7.1/Applications/BE15BC74-3FD9-4B99-AC1B-2B40F467479E/Assassins.app/www/index.html
2014-04-24 13:11:12.526 Assassins[7388:70b] Resetting plugins due to page load.
2014-04-24 13:11:12.566 Assassins[7388:70b] Finished load of: file:///Users/zixiao/Library/Application%20Support/iPhone%20Simulator/7.1/Applications/BE15BC74-3FD9-4B99-AC1B-2B40F467479E/Assassins.app/www/login.html
objc[7914]: Class AXEmojiUtilities is implemented in both /Applications/Xcode.app/Contents/Developer/Platforms/iPhoneSimulator.platform/Developer/SDKs/iPhoneSimulator7.1.sdk/System/Library/PrivateFrameworks/AccessibilityUtilities.framework/AccessibilityUtilities and /Applications/Xcode.app/Contents/Developer/Platforms/iPhoneSimulator.platform/Developer/SDKs/iPhoneSimulator7.1.sdk/usr/lib/libAXSpeechManager.dylib. One of the two will be used. Which one is undefined.
2014-04-24 13:14:11.745 Assassins[7914:70b] Cannot find executable for CFBundle 0xc142200 </Applications/Xcode.app/Contents/Developer/Platforms/iPhoneSimulator.platform/Developer/SDKs/iPhoneSimulator7.1.sdk/System/Library/AccessibilityBundles/CertUIFramework.axbundle> (not loaded)
2014-04-24 13:14:11.750 Assassins[7914:70b] Cannot find executable for CFBundle 0xc168e10 </Applications/Xcode.app/Contents/Developer/Platforms/iPhoneSimulator.platform/Developer/SDKs/iPhoneSimulator7.1.sdk/System/Library/AccessibilityBundles/GeoServices.axbundle> (not loaded)
2014-04-24 13:14:11.792 Assassins[7914:70b] Multi-tasking -> Device: YES, App: YES
2014-04-24 13:14:11.889 Assassins[7914:70b] Resetting plugins due to page load.
2014-04-24 13:14:12.520 Assassins[7914:70b] Finished load of: file:///Users/zixiao/Library/Application%20Support/iPhone%20Simulator/7.1/Applications/33A97275-DD6E-4147-B950-74142E2471C7/Assassins.app/www/index.html
2014-04-24 13:14:15.223 Assassins[7914:70b] Resetting plugins due to page load.
2014-04-24 13:14:15.289 Assassins[7914:70b] ERROR: Plugin 'Device' not found, or is not a CDVPlugin. Check your plugin mapping in config.xml.
2014-04-24 13:14:15.289 Assassins[7914:70b] -[CDVCommandQueue executePending] [Line 158] FAILED pluginJSON = [
  "Device401639287",
  "Device",
  "getDeviceInfo",
  [

  ]
]
2014-04-24 13:14:15.290 Assassins[7914:70b] Finished load of: file:///Users/zixiao/Library/Application%20Support/iPhone%20Simulator/7.1/Applications/33A97275-DD6E-4147-B950-74142E2471C7/Assassins.app/www/login.html
